<?xml version="1.0" encoding="UTF-8"?>
<!-- Generated by org.testng.reporters.JUnitReportReporter -->
<testsuite skipped="0" hostname="MacBook-Pro-Benazir.local" name="api.RunnerClass" tests="11" failures="6" timestamp="12 Nov 2018 01:09:59 GMT" time="11.408" errors="0">
  <testcase name="runScenario" time="0.295" classname="api.RunnerClass">
    <failure type="java.lang.AssertionError" message="expected:&lt;200&gt; but was:&lt;403&gt;">
      <![CDATA[java.lang.AssertionError: expected:<200> but was:<403>
at org.junit.Assert.fail(Assert.java:88)
at org.junit.Assert.failNotEquals(Assert.java:834)
at org.junit.Assert.assertEquals(Assert.java:645)
at org.junit.Assert.assertEquals(Assert.java:631)
at implementedSteps.Test1.user_should_get_as_a_status_code(Test1.java:54)
at ✽.user should get 200 as a status code(./src/test/java/features/gitHubSearch.feature:70)
]]>
    </failure>
  </testcase> <!-- runScenario -->
  <testcase name="runScenario" time="1.413" classname="api.RunnerClass"/>
  <testcase name="runScenario" time="1.645" classname="api.RunnerClass"/>
  <testcase name="runScenario" time="3.144" classname="api.RunnerClass"/>
  <testcase name="runScenario" time="0.283" classname="api.RunnerClass">
    <failure type="java.lang.AssertionError" message="expected:&lt;200&gt; but was:&lt;403&gt;">
      <![CDATA[java.lang.AssertionError: expected:<200> but was:<403>
at org.junit.Assert.fail(Assert.java:88)
at org.junit.Assert.failNotEquals(Assert.java:834)
at org.junit.Assert.assertEquals(Assert.java:645)
at org.junit.Assert.assertEquals(Assert.java:631)
at implementedSteps.Test1.user_should_get_as_a_status_code(Test1.java:54)
at ✽.user should get 200 as a status code(./src/test/java/features/gitHubSearch.feature:43)
]]>
    </failure>
  </testcase> <!-- runScenario -->
  <testcase name="runScenario" time="0.291" classname="api.RunnerClass">
    <failure type="java.lang.AssertionError" message="expected:&lt;200&gt; but was:&lt;403&gt;">
      <![CDATA[java.lang.AssertionError: expected:<200> but was:<403>
at org.junit.Assert.fail(Assert.java:88)
at org.junit.Assert.failNotEquals(Assert.java:834)
at org.junit.Assert.assertEquals(Assert.java:645)
at org.junit.Assert.assertEquals(Assert.java:631)
at implementedSteps.Test1.user_should_get_as_a_status_code(Test1.java:54)
at ✽.user should get 200 as a status code(./src/test/java/features/gitHubSearch.feature:81)
]]>
    </failure>
  </testcase> <!-- runScenario -->
  <testcase name="runScenario" time="1.964" classname="api.RunnerClass"/>
  <testcase name="runScenario" time="0.284" classname="api.RunnerClass">
    <failure type="java.lang.AssertionError" message="expected:&lt;200&gt; but was:&lt;403&gt;">
      <![CDATA[java.lang.AssertionError: expected:<200> but was:<403>
at org.junit.Assert.fail(Assert.java:88)
at org.junit.Assert.failNotEquals(Assert.java:834)
at org.junit.Assert.assertEquals(Assert.java:645)
at org.junit.Assert.assertEquals(Assert.java:631)
at implementedSteps.Test1.user_should_get_as_a_status_code(Test1.java:54)
at ✽.user should get 200 as a status code(./src/test/java/features/gitHubSearch.feature:43)
]]>
    </failure>
  </testcase> <!-- runScenario -->
  <testcase name="runScenario" time="1.455" classname="api.RunnerClass"/>
  <testcase name="runScenario" time="0.306" classname="api.RunnerClass">
    <failure type="java.lang.AssertionError" message="expected:&lt;200&gt; but was:&lt;403&gt;">
      <![CDATA[java.lang.AssertionError: expected:<200> but was:<403>
at org.junit.Assert.fail(Assert.java:88)
at org.junit.Assert.failNotEquals(Assert.java:834)
at org.junit.Assert.assertEquals(Assert.java:645)
at org.junit.Assert.assertEquals(Assert.java:631)
at implementedSteps.Test1.user_should_get_as_a_status_code(Test1.java:54)
at ✽.user should get 200 as a status code(./src/test/java/features/gitHubSearch.feature:57)
]]>
    </failure>
  </testcase> <!-- runScenario -->
  <testcase name="runScenario" time="0.328" classname="api.RunnerClass">
    <failure type="java.lang.AssertionError" message="expected:&lt;200&gt; but was:&lt;403&gt;">
      <![CDATA[java.lang.AssertionError: expected:<200> but was:<403>
at org.junit.Assert.fail(Assert.java:88)
at org.junit.Assert.failNotEquals(Assert.java:834)
at org.junit.Assert.assertEquals(Assert.java:645)
at org.junit.Assert.assertEquals(Assert.java:631)
at implementedSteps.Test1.user_should_get_as_a_status_code(Test1.java:54)
at ✽.user should get 200 as a status code(./src/test/java/features/gitHubSearch.feature:43)
]]>
    </failure>
  </testcase> <!-- runScenario -->
</testsuite> <!-- api.RunnerClass -->
